0 info it worked if it ends with ok
1 verbose cli [ '/Users/banama/.nvm/versions/node/v4.2.3/bin/node',
1 verbose cli   '/Users/banama/.nvm/versions/node/v4.2.3/bin/npm',
1 verbose cli   'run',
1 verbose cli   'sauce' ]
2 info using npm@2.14.7
3 info using node@v4.2.3
4 verbose run-script [ 'presauce', 'sauce', 'postsauce' ]
5 info presauce vdoc@0.0.1
6 info sauce vdoc@0.0.1
7 verbose unsafe-perm in lifecycle true
8 info vdoc@0.0.1 Failed to exec sauce script
9 verbose stack Error: vdoc@0.0.1 sauce: `node_modules/karma/bin/karma start test/karma.sauce.config.js`
9 verbose stack Exit status 1
9 verbose stack     at EventEmitter.<anonymous> (/Users/banama/.nvm/versions/node/v4.2.3/lib/node_modules/npm/lib/utils/lifecycle.js:214:16)
9 verbose stack     at emitTwo (events.js:87:13)
9 verbose stack     at EventEmitter.emit (events.js:172:7)
9 verbose stack     at ChildProcess.<anonymous> (/Users/banama/.nvm/versions/node/v4.2.3/lib/node_modules/npm/lib/utils/spawn.js:24:14)
9 verbose stack     at emitTwo (events.js:87:13)
9 verbose stack     at ChildProcess.emit (events.js:172:7)
9 verbose stack     at maybeClose (internal/child_process.js:818:16)
9 verbose stack     at Process.ChildProcess._handle.onexit (internal/child_process.js:211:5)
10 verbose pkgid vdoc@0.0.1
11 verbose cwd /Users/banama/work/vdoc
12 error Darwin 14.5.0
13 error argv "/Users/banama/.nvm/versions/node/v4.2.3/bin/node" "/Users/banama/.nvm/versions/node/v4.2.3/bin/npm" "run" "sauce"
14 error node v4.2.3
15 error npm  v2.14.7
16 error code ELIFECYCLE
17 error vdoc@0.0.1 sauce: `node_modules/karma/bin/karma start test/karma.sauce.config.js`
17 error Exit status 1
18 error Failed at the vdoc@0.0.1 sauce script 'node_modules/karma/bin/karma start test/karma.sauce.config.js'.
18 error This is most likely a problem with the vdoc package,
18 error not with npm itself.
18 error Tell the author that this fails on your system:
18 error     node_modules/karma/bin/karma start test/karma.sauce.config.js
18 error You can get their info via:
18 error     npm owner ls vdoc
18 error There is likely additional logging output above.
19 verbose exit [ 1, true ]
